#
# There is insufficient memory for the Java Runtime Environment to continue.
# Native memory allocation (mmap) failed to map 132120576 bytes for G1 virtual space
# Possible reasons:
#   The system is out of physical RAM or swap space
#   The process is running with CompressedOops enabled, and the Java Heap may be blocking the growth of the native heap
# Possible solutions:
#   Reduce memory load on the system
#   Increase physical memory or swap space
#   Check if swap backing store is full
#   Decrease Java heap size (-Xmx/-Xms)
#   Decrease number of Java threads
#   Decrease Java thread stack sizes (-Xss)
#   Set larger code cache with -XX:ReservedCodeCacheSize=
#   JVM is running with Unscaled Compressed Oops mode in which the Java heap is
#     placed in the first 4GB address space. The Java Heap base address is the
#     maximum limit for the native heap growth. Please use -XX:HeapBaseMinAddress
#     to set the Java Heap base and to place the Java Heap above 4GB virtual address.
# This output file may be truncated or incomplete.
#
#  Out of Memory Error (os_windows.cpp:3550), pid=6856, tid=11688
#
# JRE version:  (17.0.8+9) (build )
# Java VM: Java HotSpot(TM) 64-Bit Server VM (17.0.8+9-LTS-211, mixed mode, sharing, tiered, compressed oops, compressed class ptrs, g1 gc, windows-amd64)
# No core dump will be written. Minidumps are not enabled by default on client versions of Windows
#

---------------  S U M M A R Y ------------

Command Line: -Dfile.encoding=UTF-8 -XX:+ShowCodeDetailsInExceptionMessages com.acc.group4.FlyHigh.App

Host: Intel(R) Core(TM) i5-3427U CPU @ 1.80GHz, 4 cores, 7G,  Windows 10 , 64 bit Build 19041 (10.0.19041.3570)
Time: Wed Nov 29 18:38:20 2023 Eastern Standard Time elapsed time: 0.045091 seconds (0d 0h 0m 0s)

---------------  T H R E A D  ---------------

Current thread (0x0000017665a6bcb0):  JavaThread "Unknown thread" [_thread_in_vm, id=11688, stack(0x0000003e1e000000,0x0000003e1e100000)]

Stack: [0x0000003e1e000000,0x0000003e1e100000]
Native frames: (J=compiled Java code, j=interpreted, Vv=VM code, C=native code)
V  [jvm.dll+0x677d0a]
V  [jvm.dll+0x7d8c54]
V  [jvm.dll+0x7da3fe]
V  [jvm.dll+0x7daa63]
V  [jvm.dll+0x245c5f]
V  [jvm.dll+0x674bb9]
V  [jvm.dll+0x6694f2]
V  [jvm.dll+0x3031d6]
V  [jvm.dll+0x30a756]
V  [jvm.dll+0x359f9e]
V  [jvm.dll+0x35a1cf]
V  [jvm.dll+0x2da3e8]
V  [jvm.dll+0x2db354]
V  [jvm.dll+0x7aa711]
V  [jvm.dll+0x367b51]
V  [jvm.dll+0x789979]
V  [jvm.dll+0x3eb05f]
V  [jvm.dll+0x3ecae1]
C  [jli.dll+0x5297]
C  [ucrtbase.dll+0x21bb2]
C  [KERNEL32.DLL+0x17344]
C  [ntdll.dll+0x526b1]


---------------  P R O C E S S  ---------------

Threads class SMR info:
_java_thread_list=0x00007fff222559d8, length=0, elements={
}

Java Threads: ( => current thread )

Other Threads:
  0x0000017665ac4670 GCTaskThread "GC Thread#0" [stack: 0x0000003e1e100000,0x0000003e1e200000] [id=21128]
  0x0000017665ad7c80 ConcurrentGCThread "G1 Main Marker" [stack: 0x0000003e1e200000,0x0000003e1e300000] [id=15136]
  0x0000017665ad85a0 ConcurrentGCThread "G1 Conc#0" [stack: 0x0000003e1e300000,0x0000003e1e400000] [id=18164]

[error occurred during error reporting (printing all threads), id 0xc0000005, EXCEPTION_ACCESS_VIOLATION (0xc0000005) at pc=0x00007fff21a8b047]

VM state: not at safepoint (not fully initialized)

VM Mutex/Monitor currently owned by a thread:  ([mutex/lock_event])
[0x0000017665a67c50] Heap_lock - owner thread: 0x0000017665a6bcb0

Heap address: 0x0000000082000000, size: 2016 MB, Compressed Oops mode: 32-bit

CDS archive(s) mapped at: [0x0000000000000000-0x0000000000000000-0x0000000000000000), size 0, SharedBaseAddress: 0x0000000800000000, ArchiveRelocationMode: 1.
Narrow klass base: 0x0000000000000000, Narrow klass shift: 0, Narrow klass range: 0x0

GC Precious Log:
<Empty>

Heap:
 garbage-first heap   total 0K, used 0K [0x0000000082000000, 0x0000000100000000)
  region size 1024K, 0 young (0K), 0 survivors (0K)

[error occurred during error reporting (printing heap information), id 0xc0000005, EXCEPTION_ACCESS_VIOLATION (0xc0000005) at pc=0x00007fff21e71499]

GC Heap History (0 events):
No events

Deoptimization events (0 events):
No events

Classes unloaded (0 events):
No events

Classes redefined (0 events):
No events

Internal exceptions (0 events):
No events

VM Operations (0 events):
No events

Events (1 events):
Event: 0.026 Loaded shared library C:\Program Files\Java\jdk-17\bin\java.dll


Dynamic libraries:
0x00007ff6b47e0000 - 0x00007ff6b47f0000 	C:\Program Files\Java\jdk-17\bin\javaw.exe
0x00007fff5cc30000 - 0x00007fff5ce27000 	C:\WINDOWS\SYSTEM32\ntdll.dll
0x00007fff5c830000 - 0x00007fff5c8ed000 	C:\WINDOWS\System32\KERNEL32.DLL
0x00007fff5a490000 - 0x00007fff5a786000 	C:\WINDOWS\System32\KERNELBASE.dll
0x00007fff5a790000 - 0x00007fff5a890000 	C:\WINDOWS\System32\ucrtbase.dll
0x00007fff519a0000 - 0x00007fff519b9000 	C:\Program Files\Java\jdk-17\bin\jli.dll
0x00007fff5c8f0000 - 0x00007fff5c99e000 	C:\WINDOWS\System32\ADVAPI32.dll
0x00007fff5b630000 - 0x00007fff5b6ce000 	C:\WINDOWS\System32\msvcrt.dll
0x00007fff5c320000 - 0x00007fff5c3bc000 	C:\WINDOWS\System32\sechost.dll
0x00007fff5b710000 - 0x00007fff5b836000 	C:\WINDOWS\System32\RPCRT4.dll
0x00007fff5bd70000 - 0x00007fff5bf0e000 	C:\WINDOWS\System32\USER32.dll
0x00007fff5a430000 - 0x00007fff5a452000 	C:\WINDOWS\System32\win32u.dll
0x00007fff5b6d0000 - 0x00007fff5b6fc000 	C:\WINDOWS\System32\GDI32.dll
0x00007fff5a310000 - 0x00007fff5a42a000 	C:\WINDOWS\System32\gdi32full.dll
0x00007fff5a9b0000 - 0x00007fff5aa4d000 	C:\WINDOWS\System32\msvcp_win.dll
0x00007fff50710000 - 0x00007fff5072b000 	C:\Program Files\Java\jdk-17\bin\VCRUNTIME140.dll
0x00007fff4b220000 - 0x00007fff4b4ba000 	C:\WINDOWS\WinSxS\amd64_microsoft.windows.common-controls_6595b64144ccf1df_6.0.19041.3570_none_60bb2a3971f3e41a\COMCTL32.dll
0x00007fff4ce60000 - 0x00007fff4ce6a000 	C:\WINDOWS\SYSTEM32\VERSION.dll
0x00007fff5c9a0000 - 0x00007fff5c9d0000 	C:\WINDOWS\System32\IMM32.DLL
0x00007fff54d20000 - 0x00007fff54d2c000 	C:\Program Files\Java\jdk-17\bin\vcruntime140_1.dll
0x00007fff3d9c0000 - 0x00007fff3da4e000 	C:\Program Files\Java\jdk-17\bin\msvcp140.dll
0x00007fff217a0000 - 0x00007fff2237e000 	C:\Program Files\Java\jdk-17\bin\server\jvm.dll
0x00007fff5b8f0000 - 0x00007fff5b8f8000 	C:\WINDOWS\System32\PSAPI.DLL
0x00007fff47bf0000 - 0x00007fff47bf9000 	C:\WINDOWS\SYSTEM32\WSOCK32.dll
0x00007fff5cb80000 - 0x00007fff5cbeb000 	C:\WINDOWS\System32\WS2_32.dll
0x00007fff51a50000 - 0x00007fff51a77000 	C:\WINDOWS\SYSTEM32\WINMM.dll
0x00007fff58b40000 - 0x00007fff58b52000 	C:\WINDOWS\SYSTEM32\kernel.appcore.dll
0x00007fff51e60000 - 0x00007fff51e6a000 	C:\Program Files\Java\jdk-17\bin\jimage.dll
0x00007fff58920000 - 0x00007fff58b04000 	C:\WINDOWS\SYSTEM32\DBGHELP.DLL
0x00007fff55610000 - 0x00007fff55644000 	C:\WINDOWS\SYSTEM32\dbgcore.DLL
0x00007fff5aa50000 - 0x00007fff5aad2000 	C:\WINDOWS\System32\bcryptPrimitives.dll
0x00007fff4dab0000 - 0x00007fff4dad5000 	C:\Program Files\Java\jdk-17\bin\java.dll

dbghelp: loaded successfully - version: 4.0.5 - missing functions: none
symbol engine: initialized successfully - sym options: 0x614 - pdb path: .;C:\Program Files\Java\jdk-17\bin;C:\WINDOWS\SYSTEM32;C:\WINDOWS\WinSxS\amd64_microsoft.windows.common-controls_6595b64144ccf1df_6.0.19041.3570_none_60bb2a3971f3e41a;C:\Program Files\Java\jdk-17\bin\server

VM Arguments:
jvm_args: -Dfile.encoding=UTF-8 -XX:+ShowCodeDetailsInExceptionMessages 
java_command: com.acc.group4.FlyHigh.App
java_class_path (initial): C:\Users\Epos\eclipse-workspace\shubham_project\target\classes;C:\Users\Epos\.m2\repository\net\sourceforge\htmlunit\htmlunit\2.60.0\htmlunit-2.60.0.jar;C:\Users\Epos\.m2\repository\xalan\xalan\2.7.2\xalan-2.7.2.jar;C:\Users\Epos\.m2\repository\xalan\serializer\2.7.2\serializer-2.7.2.jar;C:\Users\Epos\.m2\repository\org\apache\httpcomponents\httpmime\4.5.13\httpmime-4.5.13.jar;C:\Users\Epos\.m2\repository\org\apache\httpcomponents\httpclient\4.5.13\httpclient-4.5.13.jar;C:\Users\Epos\.m2\repository\org\apache\httpcomponents\httpcore\4.4.13\httpcore-4.4.13.jar;C:\Users\Epos\.m2\repository\net\sourceforge\htmlunit\htmlunit-core-js\2.60.0\htmlunit-core-js-2.60.0.jar;C:\Users\Epos\.m2\repository\net\sourceforge\htmlunit\neko-htmlunit\2.60.0\neko-htmlunit-2.60.0.jar;C:\Users\Epos\.m2\repository\xerces\xercesImpl\2.12.2\xercesImpl-2.12.2.jar;C:\Users\Epos\.m2\repository\xml-apis\xml-apis\1.4.01\xml-apis-1.4.01.jar;C:\Users\Epos\.m2\repository\net\sourceforge\htmlunit\htmlunit-cssparser\1.11.0\htmlunit-cssparser-1.11.0.jar;C:\Users\Epos\.m2\repository\org\apache\commons\commons-lang3\3.12.0\commons-lang3-3.12.0.jar;C:\Users\Epos\.m2\repository\org\apache\commons\commons-text\1.9\commons-text-1.9.jar;C:\Users\Epos\.m2\repository\commons-io\commons-io\2.10.0\commons-io-2.10.0.jar;C:\Users\Epos\.m2\repository\commons-logging\commons-logging\1.2\commons-logging-1.2.jar;C:\Users\Epos\.m2\repository\commons-net\commons-net\3.8.0\commons-net-3.8.0.jar;C:\Users\Epos\.m2\repository\commons-codec\commons-codec\1.15\commons-codec-1.15.jar;C:\Users\Epos\.m2\repository\org\brotli\dec\0.1.2\dec-0.1.2.jar;C:\Users\Epos\.m2\repository\com\shapesecurity\salvation2\3.0.0\salvation2-3.0.0.jar;C:\Users\Epos\.m2\repository\org\eclipse\jetty\websocket\websocket-client\9.4.45.v20220203\websocket-client-9.4.45.v20220203.jar;C:\Users\Epos\.m2\repository\org\eclipse\jetty\jetty-client\9.4.45.v20220203\jetty-client-9.4.45.v20220203.jar;C:\Users\Epos\.m2\repository\org\ec
Launcher Type: SUN_STANDARD

[Global flags]
     intx CICompilerCount                          = 3                                         {product} {ergonomic}
     uint ConcGCThreads                            = 1                                         {product} {ergonomic}
     uint G1ConcRefinementThreads                  = 4                                         {product} {ergonomic}
   size_t G1HeapRegionSize                         = 1048576                                   {product} {ergonomic}
    uintx GCDrainStackTargetSize                   = 64                                        {product} {ergonomic}
   size_t InitialHeapSize                          = 132120576                                 {product} {ergonomic}
   size_t MarkStackSize                            = 4194304                                   {product} {ergonomic}
   size_t MaxHeapSize                              = 2113929216                                {product} {ergonomic}
   size_t MinHeapDeltaBytes                        = 1048576                                   {product} {ergonomic}
   size_t MinHeapSize                              = 8388608                                   {product} {ergonomic}
    uintx NonNMethodCodeHeapSize                   = 5832780                                {pd product} {ergonomic}
    uintx NonProfiledCodeHeapSize                  = 122912730                              {pd product} {ergonomic}
    uintx ProfiledCodeHeapSize                     = 122912730                              {pd product} {ergonomic}
    uintx ReservedCodeCacheSize                    = 251658240                              {pd product} {ergonomic}
     bool SegmentedCodeCache                       = true                                      {product} {ergonomic}
     bool ShowCodeDetailsInExceptionMessages       = true                                   {manageable} {command line}
   size_t SoftMaxHeapSize                          = 2113929216                             {manageable} {ergonomic}
     bool UseCompressedClassPointers               = true                           {product lp64_product} {ergonomic}
     bool UseCompressedOops                        = true                           {product lp64_product} {ergonomic}
     bool UseG1GC                                  = true                                      {product} {ergonomic}
     bool UseLargePagesIndividualAllocation        = false                                  {pd product} {ergonomic}

Logging:
Log output configuration:
 #0: stdout all=warning uptime,level,tags
 #1: stderr all=off uptime,level,tags

Environment Variables:
JAVA_HOME=c:\jdk18
CLASSPATH=.;..;c:\jre18\rt.jar;c:\jdk18\src.zip;javafx-src.zip
PATH=C:\Program Files\Common Files\Oracle\Java\javapath;.;..;C:\PROGRA~2\PROGRESS;C:\PROGRA~2\PROGRESS\bin;c:\pos;c:\pos\objs;C:\Program Files (x86)\Common Files\Oracle\Java\javapath;C:\WINDOWS\system32;C:\WINDOWS;C:\WINDOWS\System32\Wbem;C:\WINDOWS\System32\WindowsPowerShell\v1.0\;C:\WINDOWS\System32\OpenSSH\;C:\Program Files\IDM Computer Solutions\UltraEdit;C:\Program Files\dotnet\;C:\WINDOWS\system32;C:\WINDOWS;C:\WINDOWS\System32\Wbem;C:\WINDOWS\System32\WindowsPowerShell\v1.0\;C:\WINDOWS\System32\OpenSSH\;C:\Program Files (x86)\Bitvise SSH Client;C:\wamp64\bin\php\php7.4.26;C:\Program Files\Microsoft SQL Server\130\Tools\Binn\;C:\Program Files\Microsoft SQL Server\Client SDK\ODBC\170\Tools\Binn\;C:\Program Files\MySQL\MySQL Shell 8.0\bin\;.;..;C:\PROGRA~2\PROGRESS;C:\PROGRA~2\PROGRESS\bin;c:\pos;c:\pos\objs;C:\PROGRA~1\Intel\TXE Components\TCS\;C:\Progra~1\Intel\TXE Components\TCS\;C:\WINDOWS\system32;C:\WINDOWS;C:\WINDOWS\System32\Wbem;C:\WINDOWS\System32\WindowsPowerShell\v1.0;C:\Users\Epos\AppData\Local\Microsoft\WindowsApps;C:\Program Files\JetBrains\PyCharm Community Edition 2019.3.3\bin;C:\Users\Epos\AppData\Local\atom\bin;C:\Program Files\JetBrains\PyCharm 2020.1.2\bin;;C:\Users\Epos\AppData\Local\Microsoft\WindowsApps;C:\wamp64\bin\php\php7.4.26;C:\Users\Epos\.dotnet\tools
USERNAME=devang
OS=Windows_NT
PROCESSOR_IDENTIFIER=Intel64 Family 6 Model 58 Stepping 9, GenuineIntel



---------------  S Y S T E M  ---------------

OS:
 Windows 10 , 64 bit Build 19041 (10.0.19041.3570)
OS uptime: 4 days 3:07 hours

CPU: total 4 (initial active 4) (2 cores per cpu, 2 threads per core) family 6 model 58 stepping 9 microcode 0x21, cx8, cmov, fxsr, ht, mmx, sse, sse2, sse3, ssse3, sse4.1, sse4.2, popcnt, tsc, tscinvbit, avx, aes, erms, clmul, vzeroupper, clflush

Memory: 4k page, system-wide physical 8056M (762M free)
TotalPageFile size 32632M (AvailPageFile size 21M)
current process WorkingSet (physical memory assigned to process): 10M, peak: 10M
current process commit charge ("private bytes"): 51M, peak: 177M

vm_info: Java HotSpot(TM) 64-Bit Server VM (17.0.8+9-LTS-211) for windows-amd64 JRE (17.0.8+9-LTS-211), built on Jun 14 2023 10:34:31 by "mach5one" with MS VC++ 17.1 (VS2022)

END.
